
/home/runner/work/exp-state-estimation-iitr/exp-state-estimation-iitr/experiment/simulation/script.js
   31:10  warning  'autofillFiveBusLines' is defined but never used  no-unused-vars
   68:11  warning  'autofillFiveBusMeas' is defined but never used   no-unused-vars
  122:13  warning  'math' is not defined                             no-undef
  123:13  warning  'math' is not defined                             no-undef
  126:15  warning  'math' is not defined                             no-undef
  126:39  warning  'math' is not defined                             no-undef
  126:58  warning  'bsh' is assigned a value but never used          no-unused-vars
  126:64  warning  'math' is not defined                             no-undef
  127:35  warning  'math' is not defined                             no-undef
  127:80  warning  'math' is not defined                             no-undef
  135:17  warning  'math' is not defined                             no-undef
  135:41  warning  'math' is not defined                             no-undef
  135:66  warning  'math' is not defined                             no-undef
  136:49  warning  'math' is not defined                             no-undef
  136:87  warning  'math' is not defined                             no-undef
  136:96  warning  'math' is not defined                             no-undef
  137:49  warning  'math' is not defined                             no-undef
  137:87  warning  'math' is not defined                             no-undef
  165:10  warning  'runEstimation' is defined but never used         no-unused-vars
  171:13  warning  'math' is not defined                             no-undef
  172:13  warning  'math' is not defined                             no-undef
  307:18  warning  'math' is not defined                             no-undef
  308:21  warning  'math' is not defined                             no-undef
  309:18  warning  'math' is not defined                             no-undef
  309:32  warning  'math' is not defined                             no-undef
  309:48  warning  'math' is not defined                             no-undef
  310:16  warning  'math' is not defined                             no-undef
  310:30  warning  'math' is not defined                             no-undef
  310:52  warning  'math' is not defined                             no-undef
  314:15  warning  'math' is not defined                             no-undef
  317:17  warning  'math' is not defined                             no-undef
  318:15  warning  'math' is not defined                             no-undef
  318:24  warning  'math' is not defined                             no-undef
  318:37  warning  'math' is not defined                             no-undef
  321:16  warning  'math' is not defined                             no-undef
  321:37  warning  'math' is not defined                             no-undef
  321:51  warning  'math' is not defined                             no-undef
  321:73  warning  'math' is not defined                             no-undef

✖ 38 problems (0 errors, 38 warnings)

